[0m18:31:35.843087 [debug] [MainThread]: Sending event: {'category': 'dbt', 'action': 'invocation', 'label': 'start', 'context': [<snowplow_tracker.self_describing_json.SelfDescribingJson object at 0x000001F306AC37D0>, <snowplow_tracker.self_describing_json.SelfDescribingJson object at 0x000001F306AC3CD0>, <snowplow_tracker.self_describing_json.SelfDescribingJson object at 0x000001F306AC3750>]}


============================== 18:31:35.849316 | b993b95c-b60a-45c9-8ff7-26da3b833888 ==============================
[0m18:31:35.849316 [info ] [MainThread]: Running with dbt=1.9.2
[0m18:31:35.850824 [debug] [MainThread]: running dbt with arguments {'printer_width': '80', 'indirect_selection': 'eager', 'write_json': 'True', 'log_cache_events': 'False', 'partial_parse': 'True', 'cache_selected_only': 'False', 'profiles_dir': 'C:\\Users\\subas\\.dbt', 'debug': 'False', 'fail_fast': 'False', 'log_path': 'logs', 'version_check': 'True', 'warn_error': 'None', 'use_colors': 'True', 'use_experimental_parser': 'False', 'no_print': 'None', 'quiet': 'False', 'empty': 'None', 'log_format': 'default', 'introspect': 'True', 'static_parser': 'True', 'invocation_command': 'dbt init', 'target_path': 'None', 'warn_error_options': 'WarnErrorOptions(include=[], exclude=[])', 'send_anonymous_usage_stats': 'True'}
[0m18:31:35.892154 [warn ] [MainThread]: [ConfigFolderDirectory]: Unable to parse logging event dictionary. Failed to parse dir field: expected string or bytes-like object, got 'WindowsPath'.. Dictionary: {'dir': WindowsPath('C:/Users/subas/.dbt')}
[0m18:31:35.893664 [info ] [MainThread]: Creating dbt configuration folder at 
[0m18:32:11.474577 [debug] [MainThread]: Starter project path: C:\Users\subas\AppData\Local\Programs\Python\Python311\Lib\site-packages\dbt\include\starter_project
[0m18:32:11.543534 [info ] [MainThread]: 
Your new dbt project "f1_racing" was created!

For more information on how to configure the profiles.yml file,
please consult the dbt documentation here:

  https://docs.getdbt.com/docs/configure-your-profile

One more thing:

Need help? Don't hesitate to reach out to us via GitHub issues or on Slack:

  https://community.getdbt.com/

Happy modeling!

[0m18:32:11.544730 [info ] [MainThread]: Setting up your profile.
[0m18:37:28.138619 [info ] [MainThread]: Profile f1_racing written to C:\Users\subas\.dbt\profiles.yml using target's profile_template.yml and your supplied values. Run 'dbt debug' to validate the connection.
[0m18:37:28.140728 [debug] [MainThread]: Command `dbt init` succeeded at 18:37:28.140728 after 352.39 seconds
[0m18:37:28.140728 [debug] [MainThread]: Sending event: {'category': 'dbt', 'action': 'invocation', 'label': 'end', 'context': [<snowplow_tracker.self_describing_json.SelfDescribingJson object at 0x000001F37FD96010>, <snowplow_tracker.self_describing_json.SelfDescribingJson object at 0x000001F37FD95E90>, <snowplow_tracker.self_describing_json.SelfDescribingJson object at 0x000001F37FD95F90>]}
[0m18:37:28.141730 [debug] [MainThread]: Flushing usage events
[0m18:37:28.718782 [debug] [MainThread]: An error was encountered while trying to flush usage events
[0m22:44:31.263892 [debug] [MainThread]: Sending event: {'category': 'dbt', 'action': 'invocation', 'label': 'start', 'context': [<snowplow_tracker.self_describing_json.SelfDescribingJson object at 0x000002A14DEB3AD0>, <snowplow_tracker.self_describing_json.SelfDescribingJson object at 0x000002A14DEB3650>, <snowplow_tracker.self_describing_json.SelfDescribingJson object at 0x000002A14DEB3C50>]}


============================== 22:44:31.273048 | fa140b51-76b0-4ee5-a2f0-c0bcc426b3e2 ==============================
[0m22:44:31.273048 [info ] [MainThread]: Running with dbt=1.9.2
[0m22:44:31.274690 [debug] [MainThread]: running dbt with arguments {'printer_width': '80', 'indirect_selection': 'eager', 'log_cache_events': 'False', 'write_json': 'True', 'partial_parse': 'True', 'cache_selected_only': 'False', 'warn_error': 'None', 'version_check': 'True', 'profiles_dir': 'C:\\Users\\subas\\.dbt', 'log_path': 'logs', 'debug': 'False', 'fail_fast': 'False', 'use_colors': 'True', 'use_experimental_parser': 'False', 'empty': 'None', 'quiet': 'False', 'no_print': 'None', 'warn_error_options': 'WarnErrorOptions(include=[], exclude=[])', 'introspect': 'True', 'invocation_command': 'dbt debug', 'log_format': 'default', 'target_path': 'None', 'static_parser': 'True', 'send_anonymous_usage_stats': 'True'}
[0m22:44:31.333934 [info ] [MainThread]: dbt version: 1.9.2
[0m22:44:31.334960 [info ] [MainThread]: python version: 3.11.5
[0m22:44:31.335957 [info ] [MainThread]: python path: C:\Users\subas\AppData\Local\Programs\Python\Python311\python.exe
[0m22:44:31.336956 [info ] [MainThread]: os info: Windows-10-10.0.26100-SP0
[0m22:44:44.234239 [info ] [MainThread]: Using profiles dir at C:\Users\subas\.dbt
[0m22:44:44.235238 [info ] [MainThread]: Using profiles.yml file at C:\Users\subas\.dbt\profiles.yml
[0m22:44:44.237240 [info ] [MainThread]: Using dbt_project.yml file at C:\Drive D\Data Science\Projects\F1_RACE\dbt_project.yml
[0m22:44:44.238728 [info ] [MainThread]: adapter type: snowflake
[0m22:44:44.240168 [info ] [MainThread]: adapter version: 1.9.1
[0m22:44:44.241478 [info ] [MainThread]: Configuration:
[0m22:44:44.243536 [info ] [MainThread]:   profiles.yml file [[32mOK found and valid[0m]
[0m22:44:44.244535 [info ] [MainThread]:   dbt_project.yml file [[31mERROR not found[0m]
[0m22:44:44.245023 [info ] [MainThread]: Required dependencies:
[0m22:44:44.246452 [debug] [MainThread]: Executing "git --help"
[0m22:44:44.323203 [debug] [MainThread]: STDOUT: "b"usage: git [-v | --version] [-h | --help] [-C <path>] [-c <name>=<value>]\n           [--exec-path[=<path>]] [--html-path] [--man-path] [--info-path]\n           [-p | --paginate | -P | --no-pager] [--no-replace-objects] [--bare]\n           [--git-dir=<path>] [--work-tree=<path>] [--namespace=<name>]\n           [--config-env=<name>=<envvar>] <command> [<args>]\n\nThese are common Git commands used in various situations:\n\nstart a working area (see also: git help tutorial)\n   clone     Clone a repository into a new directory\n   init      Create an empty Git repository or reinitialize an existing one\n\nwork on the current change (see also: git help everyday)\n   add       Add file contents to the index\n   mv        Move or rename a file, a directory, or a symlink\n   restore   Restore working tree files\n   rm        Remove files from the working tree and from the index\n\nexamine the history and state (see also: git help revisions)\n   bisect    Use binary search to find the commit that introduced a bug\n   diff      Show changes between commits, commit and working tree, etc\n   grep      Print lines matching a pattern\n   log       Show commit logs\n   show      Show various types of objects\n   status    Show the working tree status\n\ngrow, mark and tweak your common history\n   branch    List, create, or delete branches\n   commit    Record changes to the repository\n   merge     Join two or more development histories together\n   rebase    Reapply commits on top of another base tip\n   reset     Reset current HEAD to the specified state\n   switch    Switch branches\n   tag       Create, list, delete or verify a tag object signed with GPG\n\ncollaborate (see also: git help workflows)\n   fetch     Download objects and refs from another repository\n   pull      Fetch from and integrate with another repository or a local branch\n   push      Update remote refs along with associated objects\n\n'git help -a' and 'git help -g' list available subcommands and some\nconcept guides. See 'git help <command>' or 'git help <concept>'\nto read about a specific subcommand or concept.\nSee 'git help git' for an overview of the system.\n""
[0m22:44:44.324236 [debug] [MainThread]: STDERR: "b''"
[0m22:44:44.325500 [info ] [MainThread]:  - git [[32mOK found[0m]

[0m22:44:44.327583 [info ] [MainThread]: Connection:
[0m22:44:44.328581 [info ] [MainThread]:   account: yq53498.ca-central-1.aws
[0m22:44:44.329582 [info ] [MainThread]:   user: SubashRokka
[0m22:44:44.330580 [info ] [MainThread]:   database: f1_Racing
[0m22:44:44.332037 [info ] [MainThread]:   warehouse: dbt_wa
[0m22:44:44.333178 [info ] [MainThread]:   role: dbt_role
[0m22:44:44.334178 [info ] [MainThread]:   schema: dbt_schema
[0m22:44:44.335357 [info ] [MainThread]:   authenticator: None
[0m22:44:44.335357 [info ] [MainThread]:   oauth_client_id: None
[0m22:44:44.336485 [info ] [MainThread]:   query_tag: None
[0m22:44:44.337503 [info ] [MainThread]:   client_session_keep_alive: False
[0m22:44:44.338524 [info ] [MainThread]:   host: None
[0m22:44:44.340546 [info ] [MainThread]:   port: None
[0m22:44:44.341788 [info ] [MainThread]:   proxy_host: None
[0m22:44:44.341788 [info ] [MainThread]:   proxy_port: None
[0m22:44:44.343283 [info ] [MainThread]:   protocol: None
[0m22:44:44.344305 [info ] [MainThread]:   connect_retries: 1
[0m22:44:44.345494 [info ] [MainThread]:   connect_timeout: None
[0m22:44:44.346939 [info ] [MainThread]:   retry_on_database_errors: False
[0m22:44:44.346939 [info ] [MainThread]:   retry_all: False
[0m22:44:44.349382 [info ] [MainThread]:   insecure_mode: False
[0m22:44:44.350557 [info ] [MainThread]:   reuse_connections: True
[0m22:44:44.351559 [info ] [MainThread]: Registered adapter: snowflake=1.9.1
[0m22:44:45.210230 [debug] [MainThread]: Acquiring new snowflake connection 'debug'
[0m22:44:49.085587 [debug] [MainThread]: Using snowflake connection "debug"
[0m22:44:49.086587 [debug] [MainThread]: On debug: select 1 as id
[0m22:44:49.087588 [debug] [MainThread]: Opening a new connection, currently in state init
[0m22:44:51.090439 [debug] [MainThread]: SQL status: SUCCESS 1 in 2.003 seconds
[0m22:44:51.092460 [info ] [MainThread]:   Connection test: [[32mOK connection ok[0m]

[0m22:44:51.093608 [info ] [MainThread]: [31m1 check failed:[0m
[0m22:44:51.095441 [info ] [MainThread]: Project loading failed for the following reason:
 project path <C:\Drive D\Data Science\Projects\F1_RACE\dbt_project.yml> not found

[0m22:44:51.096832 [debug] [MainThread]: Command `dbt debug` failed at 22:44:51.096832 after 20.00 seconds
[0m22:44:51.097832 [debug] [MainThread]: Connection 'debug' was left open.
[0m22:44:51.097832 [debug] [MainThread]: On debug: Close
[0m22:44:51.239509 [debug] [MainThread]: Sending event: {'category': 'dbt', 'action': 'invocation', 'label': 'end', 'context': [<snowplow_tracker.self_describing_json.SelfDescribingJson object at 0x000002A14DE5FE10>, <snowplow_tracker.self_describing_json.SelfDescribingJson object at 0x000002A14DF3F550>, <snowplow_tracker.self_describing_json.SelfDescribingJson object at 0x000002A14DE8B410>]}
[0m22:44:51.240510 [debug] [MainThread]: Flushing usage events
[0m22:44:52.111111 [debug] [MainThread]: An error was encountered while trying to flush usage events
